Running: E:\Xilinx\14.7\ISE_DS\ISE\bin\nt64\unwrapped\fuse.exe -intstyle ise -incremental -lib secureip -o C:/Users/Manuel/Desktop/xilinx/pr1/comuerta/sim1_isim_beh.exe -prj C:/Users/Manuel/Desktop/xilinx/pr1/comuerta/sim1_beh.prj work.sim1 
ISim P.20131013 (signature 0x7708f090)
Number of CPUs detected in this system: 8
Turning on mult-threading, number of parallel sub-compilation jobs: 16 
Determining compilation order of HDL files
ERROR:HDLCompiler:488 - "C:/Users/Manuel/Desktop/xilinx/pr1/comuerta/sim1.vhd" Line 33: Illegal identifier : _period
ERROR:HDLCompiler:488 - "C:/Users/Manuel/Desktop/xilinx/pr1/comuerta/sim1.vhd" Line 45: Illegal identifier : _process
ERROR:HDLCompiler:488 - "C:/Users/Manuel/Desktop/xilinx/pr1/comuerta/sim1.vhd" Line 48: Illegal identifier : _period
ERROR:HDLCompiler:488 - "C:/Users/Manuel/Desktop/xilinx/pr1/comuerta/sim1.vhd" Line 50: Illegal identifier : _period
ERROR:HDLCompiler:488 - "C:/Users/Manuel/Desktop/xilinx/pr1/comuerta/sim1.vhd" Line 60: Illegal identifier : _period
Parsing VHDL file "C:/Users/Manuel/Desktop/xilinx/pr1/comuerta/principal.vhd" into library work
Parsing VHDL file "C:/Users/Manuel/Desktop/xilinx/pr1/comuerta/sim1.vhd" into library work
ERROR:HDLCompiler:806 - "C:/Users/Manuel/Desktop/xilinx/pr1/comuerta/sim1.vhd" Line 33: Syntax error near "<".
ERROR:HDLCompiler:488 - "C:/Users/Manuel/Desktop/xilinx/pr1/comuerta/sim1.vhd" Line 33: Illegal identifier : _period
ERROR:HDLCompiler:806 - "C:/Users/Manuel/Desktop/xilinx/pr1/comuerta/sim1.vhd" Line 45: Syntax error near "<".
ERROR:HDLCompiler:488 - "C:/Users/Manuel/Desktop/xilinx/pr1/comuerta/sim1.vhd" Line 45: Illegal identifier : _process
ERROR:HDLCompiler:806 - "C:/Users/Manuel/Desktop/xilinx/pr1/comuerta/sim1.vhd" Line 47: Syntax error near "<".
ERROR:HDLCompiler:488 - "C:/Users/Manuel/Desktop/xilinx/pr1/comuerta/sim1.vhd" Line 48: Illegal identifier : _period
ERROR:HDLCompiler:488 - "C:/Users/Manuel/Desktop/xilinx/pr1/comuerta/sim1.vhd" Line 50: Illegal identifier : _period
WARNING:HDLCompiler:1369 - "C:/Users/Manuel/Desktop/xilinx/pr1/comuerta/sim1.vhd" Line 45: Possible infinite loop; process does not have a wait statement
ERROR:HDLCompiler:806 - "C:/Users/Manuel/Desktop/xilinx/pr1/comuerta/sim1.vhd" Line 60: Syntax error near "<".
ERROR:HDLCompiler:488 - "C:/Users/Manuel/Desktop/xilinx/pr1/comuerta/sim1.vhd" Line 60: Illegal identifier : _period
WARNING:HDLCompiler:1369 - "C:/Users/Manuel/Desktop/xilinx/pr1/comuerta/sim1.vhd" Line 55: Possible infinite loop; process does not have a wait statement
ERROR:HDLCompiler:854 - "C:/Users/Manuel/Desktop/xilinx/pr1/comuerta/sim1.vhd" Line 11: Unit <behavior> ignored due to previous errors.
VHDL file C:/Users/Manuel/Desktop/xilinx/pr1/comuerta/sim1.vhd ignored due to errors
